number,value,datetime_start,datetime_complete,duration,params_max_depth,params_min_samples_leaf,params_min_samples_split,params_n_estimators,state
0,-0.9948076665761194,2025-03-25 17:47:34.433064,2025-03-25 17:47:36.314760,0 days 00:00:01.881696,100,2,6,450,COMPLETE
1,-1.0313087931148073,2025-03-25 17:47:36.315216,2025-03-25 17:47:37.716107,0 days 00:00:01.400891,55,1,8,325,COMPLETE
2,-0.9771499749145401,2025-03-25 17:47:37.716384,2025-03-25 17:47:38.569615,0 days 00:00:00.853231,30,3,4,200,COMPLETE
3,-0.9720392685744264,2025-03-25 17:47:38.569948,2025-03-25 17:47:39.366515,0 days 00:00:00.796567,150,3,4,175,COMPLETE
4,-0.9606946258681397,2025-03-25 17:47:39.366867,2025-03-25 17:47:40.084511,0 days 00:00:00.717644,15,3,8,150,COMPLETE
5,-0.9662620723227597,2025-03-25 17:47:40.084832,2025-03-25 17:47:41.538829,0 days 00:00:01.453997,180,3,10,475,COMPLETE
6,-0.9758393118225897,2025-03-25 17:47:41.539092,2025-03-25 17:47:42.552201,0 days 00:00:01.013109,55,2,7,250,COMPLETE
7,-1.0295337189923963,2025-03-25 17:47:42.552513,2025-03-25 17:47:43.060070,0 days 00:00:00.507557,140,1,8,50,COMPLETE
8,-1.1512620157683502,2025-03-25 17:47:43.060346,2025-03-25 17:47:44.218927,0 days 00:00:01.158581,135,1,4,250,COMPLETE
9,-0.9662553983093382,2025-03-25 17:47:44.219218,2025-03-25 17:47:45.415774,0 days 00:00:01.196556,90,3,10,350,COMPLETE
10,-1.0554914141658223,2025-03-25 17:47:45.416081,2025-03-25 17:47:45.916430,0 days 00:00:00.500349,10,4,2,50,COMPLETE
11,-1.022362567545945,2025-03-25 17:47:45.916693,2025-03-25 17:47:47.127756,0 days 00:00:01.211063,85,4,10,375,COMPLETE
12,-0.9533332902267132,2025-03-25 17:47:47.128060,2025-03-25 17:47:47.859153,0 days 00:00:00.731093,75,3,9,150,COMPLETE
13,-1.0425593876104704,2025-03-25 17:47:47.859425,2025-03-25 17:47:48.569717,0 days 00:00:00.710292,50,4,8,125,COMPLETE
14,-0.9842147145176958,2025-03-25 17:47:48.569974,2025-03-25 17:47:49.252688,0 days 00:00:00.682714,15,2,6,125,COMPLETE
15,-0.958823768398969,2025-03-25 17:47:49.252967,2025-03-25 17:47:49.892121,0 days 00:00:00.639154,75,3,9,125,COMPLETE
16,-0.9727284467636196,2025-03-25 17:47:49.892362,2025-03-25 17:47:50.493254,0 days 00:00:00.600892,75,2,9,100,COMPLETE
17,-1.0268482934696508,2025-03-25 17:47:50.493501,2025-03-25 17:47:51.291249,0 days 00:00:00.797748,120,4,9,200,COMPLETE
18,-0.9901677913687651,2025-03-25 17:47:51.291550,2025-03-25 17:47:51.834240,0 days 00:00:00.542690,70,3,7,75,COMPLETE
19,-0.9590688936415623,2025-03-25 17:47:51.834499,2025-03-25 17:47:52.774818,0 days 00:00:00.940319,120,2,9,225,COMPLETE
20,-1.0213533498402025,2025-03-25 17:47:52.775094,2025-03-25 17:47:53.889659,0 days 00:00:01.114565,200,4,7,300,COMPLETE
21,-0.9590688936415623,2025-03-25 17:47:53.889931,2025-03-25 17:47:54.859888,0 days 00:00:00.969957,110,2,9,225,COMPLETE
22,-0.9533332902267132,2025-03-25 17:47:54.860157,2025-03-25 17:47:55.621652,0 days 00:00:00.761495,125,3,9,150,COMPLETE
23,-0.9445270984077524,2025-03-25 17:47:55.621942,2025-03-25 17:47:56.310549,0 days 00:00:00.688607,160,3,10,150,COMPLETE
24,-0.9439520031613954,2025-03-25 17:47:56.310802,2025-03-25 17:47:57.088273,0 days 00:00:00.777471,165,3,10,175,COMPLETE
25,-0.9439520031613954,2025-03-25 17:47:57.088528,2025-03-25 17:47:57.901068,0 days 00:00:00.812540,160,3,10,175,COMPLETE
26,-0.955409858648026,2025-03-25 17:47:57.901330,2025-03-25 17:47:58.925341,0 days 00:00:01.024011,165,3,10,275,COMPLETE
27,-1.0211919462310188,2025-03-25 17:47:58.925603,2025-03-25 17:47:59.722528,0 days 00:00:00.796925,170,4,10,200,COMPLETE
28,-0.9900944118396467,2025-03-25 17:47:59.722794,2025-03-25 17:48:01.096482,0 days 00:00:01.373688,200,3,5,400,COMPLETE
29,-0.9618966028958379,2025-03-25 17:48:01.096740,2025-03-25 17:48:01.699172,0 days 00:00:00.602432,155,2,10,100,COMPLETE
30,-1.0204428988003005,2025-03-25 17:48:01.699426,2025-03-25 17:48:02.510169,0 days 00:00:00.810743,185,4,2,175,COMPLETE
31,-0.9445270984077524,2025-03-25 17:48:02.510444,2025-03-25 17:48:03.211797,0 days 00:00:00.701353,155,3,10,150,COMPLETE
32,-0.9439520031613954,2025-03-25 17:48:03.212042,2025-03-25 17:48:03.971665,0 days 00:00:00.759623,160,3,10,175,COMPLETE
33,-0.9598384909912872,2025-03-25 17:48:03.971929,2025-03-25 17:48:04.788353,0 days 00:00:00.816424,175,3,8,175,COMPLETE
34,-0.9585665578159773,2025-03-25 17:48:04.788621,2025-03-25 17:48:05.629263,0 days 00:00:00.840642,140,3,10,225,COMPLETE
35,-0.9668565087974433,2025-03-25 17:48:05.629537,2025-03-25 17:48:06.687104,0 days 00:00:01.057567,190,3,8,275,COMPLETE
36,-0.9619917078445032,2025-03-25 17:48:06.687383,2025-03-25 17:48:07.267514,0 days 00:00:00.580131,155,3,10,100,COMPLETE
37,-0.9593372856977204,2025-03-25 17:48:07.267798,2025-03-25 17:48:08.100687,0 days 00:00:00.832889,170,3,9,200,COMPLETE
38,-1.0056135487743414,2025-03-25 17:48:08.100976,2025-03-25 17:48:09.784793,0 days 00:00:01.683817,145,2,5,500,COMPLETE
39,-0.9720392685744264,2025-03-25 17:48:09.785090,2025-03-25 17:48:10.634575,0 days 00:00:00.849485,130,3,3,175,COMPLETE
40,-1.0572529802074337,2025-03-25 17:48:10.634866,2025-03-25 17:48:11.201826,0 days 00:00:00.566960,160,1,7,75,COMPLETE
41,-0.9445270984077524,2025-03-25 17:48:11.202092,2025-03-25 17:48:11.902092,0 days 00:00:00.700000,150,3,10,150,COMPLETE
42,-0.9561292260679174,2025-03-25 17:48:11.902378,2025-03-25 17:48:12.872220,0 days 00:00:00.969842,185,3,10,250,COMPLETE
43,-0.9439520031613954,2025-03-25 17:48:12.872491,2025-03-25 17:48:13.609405,0 days 00:00:00.736914,160,3,10,175,COMPLETE
44,-0.9659324415020013,2025-03-25 17:48:13.609674,2025-03-25 17:48:14.484168,0 days 00:00:00.874494,165,3,8,200,COMPLETE
45,-0.9523707883177875,2025-03-25 17:48:14.484454,2025-03-25 17:48:15.247513,0 days 00:00:00.763059,175,3,9,175,COMPLETE
46,-1.030515424161429,2025-03-25 17:48:15.247805,2025-03-25 17:48:15.885142,0 days 00:00:00.637337,140,4,10,125,COMPLETE
47,-0.9641175396230696,2025-03-25 17:48:15.885431,2025-03-25 17:48:16.971343,0 days 00:00:01.085912,105,3,9,300,COMPLETE
48,-0.9497697388296756,2025-03-25 17:48:16.971614,2025-03-25 17:48:17.851026,0 days 00:00:00.879412,180,2,10,225,COMPLETE
49,-0.9618458650661249,2025-03-25 17:48:17.851317,2025-03-25 17:48:18.835873,0 days 00:00:00.984556,190,3,9,250,COMPLETE
